<?xml version="1.0" encoding="UTF-8"?>
<!-- Generated by org.testng.reporters.JUnitXMLReporter -->
<testsuite ignored="0" hostname="ELW4007" failures="0" tests="3" name="Test1" time="11.516" errors="0" timestamp="2024-11-08T09:45:36 IST">
  <testcase classname="testCases.DataDrivenLoginTestCase" name="test" time="1.382"/>
  <testcase classname="testCases.DataDrivenLoginTestCase" name="test" time="0.835"/>
  <testcase classname="testCases.DataDrivenLoginTestCase" name="test" time="5.669"/>
</testsuite> <!-- Test1 -->
