<?xml version="1.0" encoding="UTF-8"?>
<testng-results ignored="0" total="3" passed="3" failed="0" skipped="0">
  <reporter-output>
  </reporter-output>
  <suite started-at="2024-11-08T09:45:24 IST" name="Suite" finished-at="2024-11-08T09:45:35 IST" duration-ms="11516">
    <groups>
    </groups>
    <test started-at="2024-11-08T09:45:24 IST" name="Test1" finished-at="2024-11-08T09:45:35 IST" duration-ms="11516">
      <class name="testCases.DataDrivenLoginTestCase">
        <test-method is-config="true" signature="setup(java.lang.String)[pri:0, instance:testCases.DataDrivenLoginTestCase@7b5a12ae]" started-at="2024-11-08T09:45:24 IST" name="setup" finished-at="2024-11-08T09:45:26 IST" duration-ms="2344" status="PASS">
          <params>
            <param index="0">
              <value>
                <![CDATA[chrome]]>
              </value>
            </param>
          </params>
          <reporter-output>
          </reporter-output>
        </test-method> <!-- setup -->
        <test-method signature="test(java.lang.String,java.lang.String)[pri:0, instance:testCases.DataDrivenLoginTestCase@7b5a12ae]" started-at="2024-11-08T09:45:27 IST" name="test" data-provider="LoginData" finished-at="2024-11-08T09:45:29 IST" duration-ms="1382" status="PASS">
          <params>
            <param index="0">
              <value>
                <![CDATA[standard_user]]>
              </value>
            </param>
            <param index="1">
              <value>
                <![CDATA[secret_sauce]]>
              </value>
            </param>
          </params>
          <reporter-output>
          </reporter-output>
        </test-method> <!-- test -->
        <test-method signature="test(java.lang.String,java.lang.String)[pri:0, instance:testCases.DataDrivenLoginTestCase@7b5a12ae]" started-at="2024-11-08T09:45:29 IST" name="test" data-provider="LoginData" finished-at="2024-11-08T09:45:30 IST" duration-ms="835" status="PASS">
          <params>
            <param index="0">
              <value>
                <![CDATA[problem_user]]>
              </value>
            </param>
            <param index="1">
              <value>
                <![CDATA[secret_sauce]]>
              </value>
            </param>
          </params>
          <reporter-output>
          </reporter-output>
        </test-method> <!-- test -->
        <test-method signature="test(java.lang.String,java.lang.String)[pri:0, instance:testCases.DataDrivenLoginTestCase@7b5a12ae]" started-at="2024-11-08T09:45:30 IST" name="test" data-provider="LoginData" finished-at="2024-11-08T09:45:35 IST" duration-ms="5669" status="PASS">
          <params>
            <param index="0">
              <value>
                <![CDATA[performance_glitch_user]]>
              </value>
            </param>
            <param index="1">
              <value>
                <![CDATA[secret_sauce]]>
              </value>
            </param>
          </params>
          <reporter-output>
          </reporter-output>
        </test-method> <!-- test -->
        <test-method is-config="true" signature="tearDown()[pri:0, instance:testCases.DataDrivenLoginTestCase@7b5a12ae]" started-at="2024-11-08T09:45:35 IST" name="tearDown" finished-at="2024-11-08T09:45:35 IST" duration-ms="196" status="PASS">
          <reporter-output>
          </reporter-output>
        </test-method> <!-- tearDown -->
      </class> <!-- testCases.DataDrivenLoginTestCase -->
    </test> <!-- Test1 -->
  </suite> <!-- Suite -->
</testng-results>
